# project fastsim-standalone (0.0.1) configured on Sun Jan 27 10:46:58 2019 by
# waf 1.7.16 (abi 98, python 2070fc1 on linux2)
# using ./waf configure --eigen /usr/local/eigen
#
----------------------------------------
Setting top to
/home/alex/Documents/phd/multimodalmaze/domains/mazeDomain/simulator
----------------------------------------
Setting out to
/home/alex/Documents/phd/multimodalmaze/domains/mazeDomain/simulator/build
----------------------------------------
Checking for 'g++' (c++ compiler)
find program=['g++', 'c++'] paths=['/opt/ThirdParty-5.0/platforms/linux64Gcc/gperftools-svn/bin', '/opt/paraviewopenfoam54/bin', '/home/alex/OpenFOAM/alex-5.0/platforms/linux64GccDPInt32Opt/bin', '/opt/site/5.0/platforms/linux64GccDPInt32Opt/bin', '/opt/openfoam5/platforms/linux64GccDPInt32Opt/bin', '/opt/openfoam5/bin', '/opt/openfoam5/wmake', '/usr/local/sbin', '/usr/local/bin', '/usr/sbin', '/usr/bin', '/sbin', '/bin', '/usr/games', '/usr/local/games', '/snap/bin', '/usr/lib/jvm/java-8-oracle/bin', '/usr/lib/jvm/java-8-oracle/db/bin', '/usr/lib/jvm/java-8-oracle/jre/bin'] var='CXX' -> '/usr/bin/g++'
find program=['ar'] paths=['/opt/ThirdParty-5.0/platforms/linux64Gcc/gperftools-svn/bin', '/opt/paraviewopenfoam54/bin', '/home/alex/OpenFOAM/alex-5.0/platforms/linux64GccDPInt32Opt/bin', '/opt/site/5.0/platforms/linux64GccDPInt32Opt/bin', '/opt/openfoam5/platforms/linux64GccDPInt32Opt/bin', '/opt/openfoam5/bin', '/opt/openfoam5/wmake', '/usr/local/sbin', '/usr/local/bin', '/usr/sbin', '/usr/bin', '/sbin', '/bin', '/usr/games', '/usr/local/games', '/snap/bin', '/usr/lib/jvm/java-8-oracle/bin', '/usr/lib/jvm/java-8-oracle/db/bin', '/usr/lib/jvm/java-8-oracle/jre/bin'] var='AR' -> '/usr/bin/ar'
/usr/bin/g++
----------------------------------------
Checking for 'gcc' (c compiler)
find program=['gcc', 'cc'] paths=['/opt/ThirdParty-5.0/platforms/linux64Gcc/gperftools-svn/bin', '/opt/paraviewopenfoam54/bin', '/home/alex/OpenFOAM/alex-5.0/platforms/linux64GccDPInt32Opt/bin', '/opt/site/5.0/platforms/linux64GccDPInt32Opt/bin', '/opt/openfoam5/platforms/linux64GccDPInt32Opt/bin', '/opt/openfoam5/bin', '/opt/openfoam5/wmake', '/usr/local/sbin', '/usr/local/bin', '/usr/sbin', '/usr/bin', '/sbin', '/bin', '/usr/games', '/usr/local/games', '/snap/bin', '/usr/lib/jvm/java-8-oracle/bin', '/usr/lib/jvm/java-8-oracle/db/bin', '/usr/lib/jvm/java-8-oracle/jre/bin'] var='CC' -> '/usr/bin/gcc'
(tool ar is already loaded, skipping)
/usr/bin/gcc
----------------------------------------
Checking for SDL (1.2 - sdl-config)
['sdl-config', '--cflags', '--libs']
out: -I/usr/include/SDL -D_GNU_SOURCE=1 -D_REENTRANT
-L/usr/lib/x86_64-linux-gnu -lSDL

ok
----------------------------------------
Checking for Eigen
/usr/local/eigen
